N      Time         Average_OB     Max_OB   Min_OB  
1      0.000000     1.00           1        1       
2      0.000000     1.50           2        1       
3      0.000000     2.00           3        1       
4      0.000000     2.50           4        1       
5      0.000000     3.00           5        1       
6      0.000000     3.50           6        1       
7      0.000000     4.00           7        1       
8      0.000000     4.50           8        1       
9      0.000000     5.00           9        1       
10     0.000000     5.50           10       1       
11     0.000000     6.00           11       1       
12     0.000000     6.50           12       1       
13     0.000000     7.00           13       1       
14     0.000000     7.50           14       1       
15     0.000000     8.00           15       1       
16     0.000000     8.50           16       1       
17     0.000000     9.00           17       1       
18     0.000000     9.50           18       1       
19     0.000000     10.00          19       1       
20     0.000000     10.50          20       1       
21     0.000000     11.00          21       1       
22     0.000000     11.50          22       1       
23     0.000000     12.00          23       1       
24     0.000000     12.50          24       1       
25     0.000000     13.00          25       1       
26     0.000000     13.50          26       1       
27     0.000000     14.00          27       1       
28     0.000000     14.50          28       1       
29     0.000000     15.00          29       1       
30     0.000000     15.50          30       1       
31     0.000000     16.00          31       1       
32     0.000000     16.50          32       1       
33     0.000000     17.00          33       1       
34     0.000000     17.50          34       1       
35     0.000000     18.00          35       1       
36     0.000000     18.50          36       1       
37     0.000000     19.00          37       1       
38     0.000000     19.50          38       1       
39     0.000000     20.00          39       1       
40     0.000000     20.50          40       1       
41     0.000000     21.00          41       1       
42     0.000000     21.50          42       1       
43     0.000000     22.00          43       1       
44     0.000000     22.50          44       1       
45     0.000000     23.00          45       1       
46     0.000000     23.50          46       1       
47     0.000000     24.00          47       1       
48     0.000000     24.50          48       1       
49     0.000000     25.00          49       1       
50     0.000000     25.50          50       1       
51     0.000000     26.00          51       1       
52     0.000000     26.50          52       1       
53     0.000000     27.00          53       1       
54     0.000000     27.50          54       1       
55     0.000000     28.00          55       1       
56     0.000000     28.50          56       1       
57     0.000000     29.00          57       1       
58     0.000000     29.50          58       1       
59     0.000000     30.00          59       1       
60     0.000000     30.50          60       1       
61     0.000000     31.00          61       1       
62     0.000000     31.50          62       1       
63     0.000000     32.00          63       1       
64     0.000000     32.50          64       1       
65     0.000000     33.00          65       1       
66     0.000000     33.50          66       1       
67     0.000000     34.00          67       1       
68     0.000000     34.50          68       1       
69     0.000000     35.00          69       1       
70     0.000000     35.50          70       1       
71     0.000000     36.00          71       1       
72     0.000000     36.50          72       1       
73     0.000000     37.00          73       1       
74     0.000000     37.50          74       1       
75     0.000000     38.00          75       1       
76     0.000000     38.50          76       1       
77     0.000000     39.00          77       1       
78     0.000000     39.50          78       1       
79     0.000000     40.00          79       1       
80     0.000000     40.50          80       1       
81     0.000000     41.00          81       1       
82     0.000000     41.50          82       1       
83     0.000000     42.00          83       1       
84     0.000000     42.50          84       1       
85     0.000000     43.00          85       1       
86     0.000000     43.50          86       1       
87     0.000000     44.00          87       1       
88     0.000000     44.50          88       1       
89     0.000000     45.00          89       1       
90     0.000000     45.50          90       1       
91     0.000000     46.00          91       1       
92     0.000000     46.50          92       1       
93     0.000000     47.00          93       1       
94     0.000000     47.50          94       1       
95     0.000000     48.00          95       1       
96     0.000000     48.50          96       1       
97     0.000000     49.00          97       1       
98     0.000000     49.50          98       1       
99     0.000000     50.00          99       1       
100    0.000000     50.50          100      1       
101    0.000000     51.00          101      1       
102    0.000000     51.50          102      1       
103    0.000000     52.00          103      1       
104    0.000000     52.50          104      1       
105    0.000000     53.00          105      1       
106    0.000000     53.50          106      1       
107    0.000000     54.00          107      1       
108    0.000000     54.50          108      1       
109    0.000000     55.00          109      1       
110    0.000000     55.50          110      1       
111    0.000000     56.00          111      1       
112    0.000000     56.50          112      1       
113    0.000000     57.00          113      1       
114    0.000000     57.50          114      1       
115    0.000000     58.00          115      1       
116    0.000000     58.50          116      1       
117    0.000000     59.00          117      1       
118    0.000000     59.50          118      1       
119    0.000000     60.00          119      1       
120    0.000000     60.50          120      1       
121    0.000000     61.00          121      1       
122    0.000000     61.50          122      1       
123    0.000000     62.00          123      1       
124    0.000000     62.50          124      1       
125    0.000000     63.00          125      1       
126    0.000000     63.50          126      1       
127    0.000000     64.00          127      1       
128    0.000000     64.50          128      1       
129    0.000000     65.00          129      1       
130    0.000000     65.50          130      1       
131    0.000000     66.00          131      1       
132    0.000000     66.50          132      1       
133    0.000000     67.00          133      1       
134    0.000000     67.50          134      1       
135    0.000000     68.00          135      1       
136    0.000000     68.50          136      1       
137    0.000000     69.00          137      1       
138    0.000000     69.50          138      1       
139    0.000000     70.00          139      1       
140    0.000000     70.50          140      1       
141    0.000000     71.00          141      1       
142    0.000000     71.50          142      1       
143    0.000000     72.00          143      1       
144    0.000000     72.50          144      1       
145    0.000000     73.00          145      1       
146    0.000000     73.50          146      1       
147    0.000000     74.00          147      1       
148    0.000000     74.50          148      1       
149    0.000000     75.00          149      1       
150    0.000000     75.50          150      1       
151    0.000000     76.00          151      1       
152    0.000000     76.50          152      1       
153    0.000000     77.00          153      1       
154    0.000000     77.50          154      1       
155    0.000000     78.00          155      1       
156    0.000000     78.50          156      1       
157    0.000000     79.00          157      1       
158    0.000000     79.50          158      1       
159    0.000000     80.00          159      1       
160    0.000000     80.50          160      1       
161    0.000000     81.00          161      1       
162    0.000000     81.50          162      1       
163    0.000000     82.00          163      1       
164    0.000000     82.50          164      1       
165    0.000000     83.00          165      1       
166    0.000000     83.50          166      1       
167    0.000001     84.00          167      1       
168    0.000000     84.50          168      1       
169    0.000000     85.00          169      1       
170    0.000000     85.50          170      1       
171    0.000000     86.00          171      1       
172    0.000000     86.50          172      1       
173    0.000000     87.00          173      1       
174    0.000000     87.50          174      1       
175    0.000000     88.00          175      1       
176    0.000000     88.50          176      1       
177    0.000000     89.00          177      1       
178    0.000000     89.50          178      1       
179    0.000000     90.00          179      1       
180    0.000000     90.50          180      1       
181    0.000000     91.00          181      1       
182    0.000000     91.50          182      1       
183    0.000000     92.00          183      1       
184    0.000000     92.50          184      1       
185    0.000000     93.00          185      1       
186    0.000000     93.50          186      1       
187    0.000000     94.00          187      1       
188    0.000000     94.50          188      1       
189    0.000000     95.00          189      1       
190    0.000000     95.50          190      1       
191    0.000000     96.00          191      1       
192    0.000000     96.50          192      1       
193    0.000000     97.00          193      1       
194    0.000000     97.50          194      1       
195    0.000000     98.00          195      1       
196    0.000000     98.50          196      1       
197    0.000000     99.00          197      1       
198    0.000000     99.50          198      1       
199    0.000000     100.00         199      1       
200    0.000000     100.50         200      1       
201    0.000000     101.00         201      1       
202    0.000000     101.50         202      1       
203    0.000000     102.00         203      1       
204    0.000000     102.50         204      1       
205    0.000000     103.00         205      1       
206    0.000000     103.50         206      1       
207    0.000000     104.00         207      1       
208    0.000000     104.50         208      1       
209    0.000000     105.00         209      1       
210    0.000000     105.50         210      1       
211    0.000000     106.00         211      1       
212    0.000000     106.50         212      1       
213    0.000000     107.00         213      1       
214    0.000000     107.50         214      1       
215    0.000000     108.00         215      1       
216    0.000000     108.50         216      1       
217    0.000000     109.00         217      1       
218    0.000000     109.50         218      1       
219    0.000000     110.00         219      1       
220    0.000000     110.50         220      1       
221    0.000000     111.00         221      1       
222    0.000000     111.50         222      1       
223    0.000000     112.00         223      1       
224    0.000000     112.50         224      1       
225    0.000000     113.00         225      1       
226    0.000000     113.50         226      1       
227    0.000000     114.00         227      1       
228    0.000000     114.50         228      1       
229    0.000000     115.00         229      1       
230    0.000000     115.50         230      1       
231    0.000000     116.00         231      1       
232    0.000000     116.50         232      1       
233    0.000000     117.00         233      1       
234    0.000000     117.50         234      1       
235    0.000000     118.00         235      1       
236    0.000000     118.50         236      1       
237    0.000000     119.00         237      1       
238    0.000000     119.50         238      1       
239    0.000000     120.00         239      1       
240    0.000000     120.50         240      1       
241    0.000000     121.00         241      1       
242    0.000000     121.50         242      1       
243    0.000000     122.00         243      1       
244    0.000000     122.50         244      1       
245    0.000000     123.00         245      1       
246    0.000000     123.50         246      1       
247    0.000000     124.00         247      1       
248    0.000000     124.50         248      1       
249    0.000000     125.00         249      1       
250    0.000000     125.50         250      1       
251    0.000000     126.00         251      1       
252    0.000000     126.50         252      1       
253    0.000000     127.00         253      1       
254    0.000000     127.50         254      1       
255    0.000000     128.00         255      1       
256    0.000000     128.50         256      1       
257    0.000000     129.00         257      1       
258    0.000000     129.50         258      1       
259    0.000000     130.00         259      1       
260    0.000000     130.50         260      1       
261    0.000000     131.00         261      1       
262    0.000000     131.50         262      1       
263    0.000000     132.00         263      1       
264    0.000000     132.50         264      1       
265    0.000000     133.00         265      1       
266    0.000000     133.50         266      1       
267    0.000000     134.00         267      1       
268    0.000000     134.50         268      1       
269    0.000000     135.00         269      1       
270    0.000000     135.50         270      1       
271    0.000000     136.00         271      1       
272    0.000000     136.50         272      1       
273    0.000000     137.00         273      1       
274    0.000000     137.50         274      1       
275    0.000000     138.00         275      1       
276    0.000000     138.50         276      1       
277    0.000000     139.00         277      1       
278    0.000000     139.50         278      1       
279    0.000000     140.00         279      1       
280    0.000000     140.50         280      1       
281    0.000000     141.00         281      1       
282    0.000000     141.50         282      1       
283    0.000000     142.00         283      1       
284    0.000000     142.50         284      1       
285    0.000000     143.00         285      1       
286    0.000000     143.50         286      1       
287    0.000000     144.00         287      1       
288    0.000000     144.50         288      1       
289    0.000000     145.00         289      1       
290    0.000000     145.50         290      1       
291    0.000000     146.00         291      1       
292    0.000000     146.50         292      1       
293    0.000000     147.00         293      1       
294    0.000000     147.50         294      1       
295    0.000000     148.00         295      1       
296    0.000000     148.50         296      1       
297    0.000000     149.00         297      1       
298    0.000000     149.50         298      1       
299    0.000000     150.00         299      1       
300    0.000000     150.50         300      1       
301    0.000000     151.00         301      1       
302    0.000000     151.50         302      1       
303    0.000000     152.00         303      1       
304    0.000000     152.50         304      1       
305    0.000000     153.00         305      1       
306    0.000000     153.50         306      1       
307    0.000000     154.00         307      1       
308    0.000000     154.50         308      1       
309    0.000000     155.00         309      1       
310    0.000000     155.50         310      1       
311    0.000000     156.00         311      1       
312    0.000000     156.50         312      1       
313    0.000000     157.00         313      1       
314    0.000000     157.50         314      1       
315    0.000000     158.00         315      1       
316    0.000000     158.50         316      1       
317    0.000000     159.00         317      1       
318    0.000000     159.50         318      1       
319    0.000000     160.00         319      1       
320    0.000000     160.50         320      1       
321    0.000000     161.00         321      1       
322    0.000000     161.50         322      1       
323    0.000000     162.00         323      1       
324    0.000000     162.50         324      1       
325    0.000000     163.00         325      1       
326    0.000000     163.50         326      1       
327    0.000000     164.00         327      1       
328    0.000000     164.50         328      1       
329    0.000000     165.00         329      1       
330    0.000000     165.50         330      1       
331    0.000000     166.00         331      1       
332    0.000000     166.50         332      1       
333    0.000000     167.00         333      1       
334    0.000000     167.50         334      1       
335    0.000000     168.00         335      1       
336    0.000000     168.50         336      1       
337    0.000000     169.00         337      1       
338    0.000000     169.50         338      1       
339    0.000000     170.00         339      1       
340    0.000000     170.50         340      1       
341    0.000000     171.00         341      1       
342    0.000000     171.50         342      1       
343    0.000000     172.00         343      1       
344    0.000000     172.50         344      1       
345    0.000000     173.00         345      1       
346    0.000000     173.50         346      1       
347    0.000000     174.00         347      1       
348    0.000000     174.50         348      1       
349    0.000000     175.00         349      1       
350    0.000000     175.50         350      1       
351    0.000000     176.00         351      1       
352    0.000000     176.50         352      1       
353    0.000000     177.00         353      1       
354    0.000000     177.50         354      1       
355    0.000000     178.00         355      1       
356    0.000000     178.50         356      1       
357    0.000000     179.00         357      1       
358    0.000000     179.50         358      1       
359    0.000000     180.00         359      1       
360    0.000000     180.50         360      1       
361    0.000000     181.00         361      1       
362    0.000000     181.50         362      1       
363    0.000000     182.00         363      1       
364    0.000000     182.50         364      1       
365    0.000000     183.00         365      1       
366    0.000000     183.50         366      1       
367    0.000000     184.00         367      1       
368    0.000000     184.50         368      1       
369    0.000000     185.00         369      1       
370    0.000000     185.50         370      1       
371    0.000000     186.00         371      1       
372    0.000000     186.50         372      1       
373    0.000000     187.00         373      1       
374    0.000000     187.50         374      1       
375    0.000000     188.00         375      1       
376    0.000000     188.50         376      1       
377    0.000000     189.00         377      1       
378    0.000000     189.50         378      1       
379    0.000000     190.00         379      1       
380    0.000000     190.50         380      1       
381    0.000000     191.00         381      1       
382    0.000000     191.50         382      1       
383    0.000000     192.00         383      1       
384    0.000000     192.50         384      1       
385    0.000000     193.00         385      1       
386    0.000000     193.50         386      1       
387    0.000000     194.00         387      1       
388    0.000000     194.50         388      1       
389    0.000000     195.00         389      1       
390    0.000000     195.50         390      1       
391    0.000000     196.00         391      1       
392    0.000000     196.50         392      1       
393    0.000000     197.00         393      1       
394    0.000000     197.50         394      1       
395    0.000000     198.00         395      1       
396    0.000000     198.50         396      1       
397    0.000000     199.00         397      1       
398    0.000000     199.50         398      1       
399    0.000000     200.00         399      1       
400    0.000000     200.50         400      1       
401    0.000000     201.00         401      1       
402    0.000000     201.50         402      1       
403    0.000000     202.00         403      1       
404    0.000000     202.50         404      1       
405    0.000000     203.00         405      1       
406    0.000000     203.50         406      1       
407    0.000000     204.00         407      1       
408    0.000000     204.50         408      1       
409    0.000000     205.00         409      1       
410    0.000000     205.50         410      1       
411    0.000000     206.00         411      1       
412    0.000000     206.50         412      1       
413    0.000000     207.00         413      1       
414    0.000000     207.50         414      1       
415    0.000000     208.00         415      1       
416    0.000000     208.50         416      1       
417    0.000000     209.00         417      1       
418    0.000000     209.50         418      1       
419    0.000000     210.00         419      1       
420    0.000000     210.50         420      1       
421    0.000000     211.00         421      1       
422    0.000000     211.50         422      1       
423    0.000000     212.00         423      1       
424    0.000000     212.50         424      1       
425    0.000000     213.00         425      1       
426    0.000000     213.50         426      1       
427    0.000000     214.00         427      1       
428    0.000000     214.50         428      1       
429    0.000000     215.00         429      1       
430    0.000000     215.50         430      1       
431    0.000000     216.00         431      1       
432    0.000000     216.50         432      1       
433    0.000000     217.00         433      1       
434    0.000000     217.50         434      1       
435    0.000000     218.00         435      1       
436    0.000000     218.50         436      1       
437    0.000000     219.00         437      1       
438    0.000000     219.50         438      1       
439    0.000000     220.00         439      1       
440    0.000000     220.50         440      1       
441    0.000000     221.00         441      1       
442    0.000000     221.50         442      1       
443    0.000000     222.00         443      1       
444    0.000000     222.50         444      1       
445    0.000000     223.00         445      1       
446    0.000000     223.50         446      1       
447    0.000000     224.00         447      1       
448    0.000000     224.50         448      1       
449    0.000000     225.00         449      1       
450    0.000000     225.50         450      1       
451    0.000000     226.00         451      1       
452    0.000000     226.50         452      1       
453    0.000000     227.00         453      1       
454    0.000000     227.50         454      1       
455    0.000000     228.00         455      1       
456    0.000000     228.50         456      1       
457    0.000000     229.00         457      1       
458    0.000000     229.50         458      1       
459    0.000000     230.00         459      1       
460    0.000000     230.50         460      1       
461    0.000000     231.00         461      1       
462    0.000000     231.50         462      1       
463    0.000000     232.00         463      1       
464    0.000000     232.50         464      1       
465    0.000000     233.00         465      1       
466    0.000000     233.50         466      1       
467    0.000000     234.00         467      1       
468    0.000000     234.50         468      1       
469    0.000000     235.00         469      1       
470    0.000000     235.50         470      1       
471    0.000000     236.00         471      1       
472    0.000000     236.50         472      1       
473    0.000000     237.00         473      1       
474    0.000000     237.50         474      1       
475    0.000000     238.00         475      1       
476    0.000000     238.50         476      1       
477    0.000000     239.00         477      1       
478    0.000000     239.50         478      1       
479    0.000000     240.00         479      1       
480    0.000000     240.50         480      1       
481    0.000000     241.00         481      1       
482    0.000000     241.50         482      1       
483    0.000000     242.00         483      1       
484    0.000000     242.50         484      1       
485    0.000000     243.00         485      1       
486    0.000000     243.50         486      1       
487    0.000000     244.00         487      1       
488    0.000000     244.50         488      1       
489    0.000000     245.00         489      1       
490    0.000000     245.50         490      1       
491    0.000000     246.00         491      1       
492    0.000000     246.50         492      1       
493    0.000000     247.00         493      1       
494    0.000000     247.50         494      1       
495    0.000000     248.00         495      1       
496    0.000000     248.50         496      1       
497    0.000000     249.00         497      1       
498    0.000000     249.50         498      1       
499    0.000000     250.00         499      1       
500    0.000000     250.50         500      1       
501    0.000000     251.00         501      1       
502    0.000000     251.50         502      1       
503    0.000000     252.00         503      1       
504    0.000000     252.50         504      1       
505    0.000000     253.00         505      1       
506    0.000000     253.50         506      1       
507    0.000000     254.00         507      1       
508    0.000000     254.50         508      1       
509    0.000000     255.00         509      1       
510    0.000000     255.50         510      1       
511    0.000000     256.00         511      1       
512    0.000000     256.50         512      1       
513    0.000000     257.00         513      1       
514    0.000000     257.50         514      1       
515    0.000000     258.00         515      1       
516    0.000000     258.50         516      1       
517    0.000000     259.00         517      1       
518    0.000000     259.50         518      1       
519    0.000000     260.00         519      1       
520    0.000000     260.50         520      1       
521    0.000000     261.00         521      1       
522    0.000000     261.50         522      1       
523    0.000000     262.00         523      1       
524    0.000000     262.50         524      1       
525    0.000000     263.00         525      1       
526    0.000000     263.50         526      1       
527    0.000000     264.00         527      1       
528    0.000000     264.50         528      1       
529    0.000000     265.00         529      1       
530    0.000000     265.50         530      1       
531    0.000000     266.00         531      1       
532    0.000000     266.50         532      1       
533    0.000000     267.00         533      1       
534    0.000000     267.50         534      1       
535    0.000000     268.00         535      1       
536    0.000000     268.50         536      1       
537    0.000000     269.00         537      1       
538    0.000000     269.50         538      1       
539    0.000000     270.00         539      1       
540    0.000000     270.50         540      1       
541    0.000000     271.00         541      1       
542    0.000000     271.50         542      1       
543    0.000000     272.00         543      1       
544    0.000000     272.50         544      1       
545    0.000000     273.00         545      1       
546    0.000000     273.50         546      1       
547    0.000000     274.00         547      1       
548    0.000000     274.50         548      1       
549    0.000000     275.00         549      1       
550    0.000000     275.50         550      1       
551    0.000000     276.00         551      1       
552    0.000000     276.50         552      1       
553    0.000000     277.00         553      1       
554    0.000000     277.50         554      1       
555    0.000000     278.00         555      1       
556    0.000000     278.50         556      1       
557    0.000000     279.00         557      1       
558    0.000000     279.50         558      1       
559    0.000000     280.00         559      1       
560    0.000000     280.50         560      1       
561    0.000000     281.00         561      1       
562    0.000000     281.50         562      1       
563    0.000000     282.00         563      1       
564    0.000000     282.50         564      1       
565    0.000000     283.00         565      1       
566    0.000000     283.50         566      1       
567    0.000000     284.00         567      1       
568    0.000000     284.50         568      1       
569    0.000000     285.00         569      1       
570    0.000000     285.50         570      1       
571    0.000000     286.00         571      1       
572    0.000000     286.50         572      1       
573    0.000000     287.00         573      1       
574    0.000000     287.50         574      1       
575    0.000000     288.00         575      1       
576    0.000000     288.50         576      1       
577    0.000000     289.00         577      1       
578    0.000000     289.50         578      1       
579    0.000000     290.00         579      1       
580    0.000000     290.50         580      1       
581    0.000000     291.00         581      1       
582    0.000001     291.50         582      1       
583    0.000000     292.00         583      1       
584    0.000000     292.50         584      1       
585    0.000000     293.00         585      1       
586    0.000000     293.50         586      1       
587    0.000000     294.00         587      1       
588    0.000000     294.50         588      1       
589    0.000000     295.00         589      1       
590    0.000000     295.50         590      1       
591    0.000000     296.00         591      1       
592    0.000000     296.50         592      1       
593    0.000000     297.00         593      1       
594    0.000000     297.50         594      1       
595    0.000000     298.00         595      1       
596    0.000000     298.50         596      1       
597    0.000000     299.00         597      1       
598    0.000000     299.50         598      1       
599    0.000000     300.00         599      1       
600    0.000000     300.50         600      1       
601    0.000000     301.00         601      1       
602    0.000000     301.50         602      1       
603    0.000000     302.00         603      1       
604    0.000000     302.50         604      1       
605    0.000000     303.00         605      1       
606    0.000000     303.50         606      1       
607    0.000000     304.00         607      1       
608    0.000000     304.50         608      1       
609    0.000000     305.00         609      1       
610    0.000000     305.50         610      1       
611    0.000000     306.00         611      1       
612    0.000000     306.50         612      1       
613    0.000000     307.00         613      1       
614    0.000000     307.50         614      1       
615    0.000000     308.00         615      1       
616    0.000000     308.50         616      1       
617    0.000000     309.00         617      1       
618    0.000000     309.50         618      1       
619    0.000000     310.00         619      1       
620    0.000000     310.50         620      1       
621    0.000000     311.00         621      1       
622    0.000000     311.50         622      1       
623    0.000000     312.00         623      1       
624    0.000000     312.50         624      1       
625    0.000000     313.00         625      1       
626    0.000000     313.50         626      1       
627    0.000000     314.00         627      1       
628    0.000000     314.50         628      1       
629    0.000000     315.00         629      1       
630    0.000000     315.50         630      1       
631    0.000000     316.00         631      1       
632    0.000000     316.50         632      1       
633    0.000000     317.00         633      1       
634    0.000000     317.50         634      1       
635    0.000000     318.00         635      1       
636    0.000000     318.50         636      1       
637    0.000000     319.00         637      1       
638    0.000000     319.50         638      1       
639    0.000000     320.00         639      1       
640    0.000000     320.50         640      1       
641    0.000000     321.00         641      1       
642    0.000000     321.50         642      1       
643    0.000000     322.00         643      1       
644    0.000000     322.50         644      1       
645    0.000000     323.00         645      1       
646    0.000000     323.50         646      1       
647    0.000000     324.00         647      1       
648    0.000000     324.50         648      1       
649    0.000000     325.00         649      1       
650    0.000000     325.50         650      1       
651    0.000000     326.00         651      1       
652    0.000000     326.50         652      1       
653    0.000000     327.00         653      1       
654    0.000000     327.50         654      1       
655    0.000000     328.00         655      1       
656    0.000000     328.50         656      1       
657    0.000000     329.00         657      1       
658    0.000000     329.50         658      1       
659    0.000000     330.00         659      1       
660    0.000000     330.50         660      1       
661    0.000000     331.00         661      1       
662    0.000000     331.50         662      1       
663    0.000000     332.00         663      1       
664    0.000000     332.50         664      1       
665    0.000000     333.00         665      1       
666    0.000000     333.50         666      1       
667    0.000000     334.00         667      1       
668    0.000000     334.50         668      1       
669    0.000000     335.00         669      1       
670    0.000000     335.50         670      1       
671    0.000000     336.00         671      1       
672    0.000000     336.50         672      1       
673    0.000000     337.00         673      1       
674    0.000000     337.50         674      1       
675    0.000000     338.00         675      1       
676    0.000000     338.50         676      1       
677    0.000000     339.00         677      1       
678    0.000000     339.50         678      1       
679    0.000000     340.00         679      1       
680    0.000000     340.50         680      1       
681    0.000001     341.00         681      1       
682    0.000000     341.50         682      1       
683    0.000000     342.00         683      1       
684    0.000000     342.50         684      1       
685    0.000000     343.00         685      1       
686    0.000000     343.50         686      1       
687    0.000000     344.00         687      1       
688    0.000000     344.50         688      1       
689    0.000000     345.00         689      1       
690    0.000000     345.50         690      1       
691    0.000000     346.00         691      1       
692    0.000000     346.50         692      1       
693    0.000000     347.00         693      1       
694    0.000000     347.50         694      1       
695    0.000000     348.00         695      1       
696    0.000000     348.50         696      1       
697    0.000000     349.00         697      1       
698    0.000000     349.50         698      1       
699    0.000000     350.00         699      1       
700    0.000000     350.50         700      1       
701    0.000000     351.00         701      1       
702    0.000000     351.50         702      1       
703    0.000000     352.00         703      1       
704    0.000000     352.50         704      1       
705    0.000000     353.00         705      1       
706    0.000000     353.50         706      1       
707    0.000000     354.00         707      1       
708    0.000001     354.50         708      1       
709    0.000001     355.00         709      1       
710    0.000001     355.50         710      1       
711    0.000001     356.00         711      1       
712    0.000001     356.50         712      1       
713    0.000001     357.00         713      1       
714    0.000001     357.50         714      1       
715    0.000001     358.00         715      1       
716    0.000001     358.50         716      1       
717    0.000001     359.00         717      1       
718    0.000001     359.50         718      1       
719    0.000001     360.00         719      1       
720    0.000001     360.50         720      1       
721    0.000000     361.00         721      1       
722    0.000000     361.50         722      1       
723    0.000000     362.00         723      1       
724    0.000001     362.50         724      1       
725    0.000000     363.00         725      1       
726    0.000000     363.50         726      1       
727    0.000001     364.00         727      1       
728    0.000000     364.50         728      1       
729    0.000000     365.00         729      1       
730    0.000000     365.50         730      1       
731    0.000000     366.00         731      1       
732    0.000001     366.50         732      1       
733    0.000001     367.00         733      1       
734    0.000001     367.50         734      1       
735    0.000001     368.00         735      1       
736    0.000001     368.50         736      1       
737    0.000001     369.00         737      1       
738    0.000001     369.50         738      1       
739    0.000001     370.00         739      1       
740    0.000001     370.50         740      1       
741    0.000001     371.00         741      1       
742    0.000001     371.50         742      1       
743    0.000001     372.00         743      1       
744    0.000001     372.50         744      1       
745    0.000001     373.00         745      1       
746    0.000001     373.50         746      1       
747    0.000001     374.00         747      1       
748    0.000001     374.50         748      1       
749    0.000001     375.00         749      1       
750    0.000001     375.50         750      1       
751    0.000001     376.00         751      1       
752    0.000001     376.50         752      1       
753    0.000001     377.00         753      1       
754    0.000001     377.50         754      1       
755    0.000001     378.00         755      1       
756    0.000001     378.50         756      1       
757    0.000001     379.00         757      1       
758    0.000001     379.50         758      1       
759    0.000001     380.00         759      1       
760    0.000001     380.50         760      1       
761    0.000001     381.00         761      1       
762    0.000001     381.50         762      1       
763    0.000000     382.00         763      1       
764    0.000000     382.50         764      1       
765    0.000001     383.00         765      1       
766    0.000000     383.50         766      1       
767    0.000001     384.00         767      1       
768    0.000001     384.50         768      1       
769    0.000001     385.00         769      1       
770    0.000001     385.50         770      1       
771    0.000001     386.00         771      1       
772    0.000001     386.50         772      1       
773    0.000001     387.00         773      1       
774    0.000001     387.50         774      1       
775    0.000001     388.00         775      1       
776    0.000001     388.50         776      1       
777    0.000001     389.00         777      1       
778    0.000001     389.50         778      1       
779    0.000001     390.00         779      1       
780    0.000001     390.50         780      1       
781    0.000001     391.00         781      1       
782    0.000001     391.50         782      1       
783    0.000001     392.00         783      1       
784    0.000001     392.50         784      1       
785    0.000001     393.00         785      1       
786    0.000001     393.50         786      1       
787    0.000001     394.00         787      1       
788    0.000001     394.50         788      1       
789    0.000001     395.00         789      1       
790    0.000001     395.50         790      1       
791    0.000001     396.00         791      1       
792    0.000001     396.50         792      1       
793    0.000001     397.00         793      1       
794    0.000001     397.50         794      1       
795    0.000001     398.00         795      1       
796    0.000001     398.50         796      1       
797    0.000001     399.00         797      1       
798    0.000001     399.50         798      1       
799    0.000001     400.00         799      1       
800    0.000001     400.50         800      1       
801    0.000001     401.00         801      1       
802    0.000001     401.50         802      1       
803    0.000001     402.00         803      1       
804    0.000001     402.50         804      1       
805    0.000001     403.00         805      1       
806    0.000001     403.50         806      1       
807    0.000001     404.00         807      1       
808    0.000001     404.50         808      1       
809    0.000001     405.00         809      1       
810    0.000001     405.50         810      1       
811    0.000001     406.00         811      1       
812    0.000001     406.50         812      1       
813    0.000001     407.00         813      1       
814    0.000001     407.50         814      1       
815    0.000001     408.00         815      1       
816    0.000001     408.50         816      1       
817    0.000001     409.00         817      1       
818    0.000001     409.50         818      1       
819    0.000001     410.00         819      1       
820    0.000001     410.50         820      1       
821    0.000001     411.00         821      1       
822    0.000001     411.50         822      1       
823    0.000001     412.00         823      1       
824    0.000001     412.50         824      1       
825    0.000001     413.00         825      1       
826    0.000001     413.50         826      1       
827    0.000001     414.00         827      1       
828    0.000001     414.50         828      1       
829    0.000001     415.00         829      1       
830    0.000001     415.50         830      1       
831    0.000001     416.00         831      1       
832    0.000001     416.50         832      1       
833    0.000001     417.00         833      1       
834    0.000001     417.50         834      1       
835    0.000001     418.00         835      1       
836    0.000001     418.50         836      1       
837    0.000001     419.00         837      1       
838    0.000001     419.50         838      1       
839    0.000001     420.00         839      1       
840    0.000001     420.50         840      1       
841    0.000001     421.00         841      1       
842    0.000001     421.50         842      1       
843    0.000001     422.00         843      1       
844    0.000001     422.50         844      1       
845    0.000001     423.00         845      1       
846    0.000001     423.50         846      1       
847    0.000001     424.00         847      1       
848    0.000001     424.50         848      1       
849    0.000001     425.00         849      1       
850    0.000001     425.50         850      1       
851    0.000001     426.00         851      1       
852    0.000001     426.50         852      1       
853    0.000001     427.00         853      1       
854    0.000001     427.50         854      1       
855    0.000001     428.00         855      1       
856    0.000001     428.50         856      1       
857    0.000001     429.00         857      1       
858    0.000001     429.50         858      1       
859    0.000001     430.00         859      1       
860    0.000001     430.50         860      1       
861    0.000001     431.00         861      1       
862    0.000001     431.50         862      1       
863    0.000001     432.00         863      1       
864    0.000001     432.50         864      1       
865    0.000001     433.00         865      1       
866    0.000001     433.50         866      1       
867    0.000001     434.00         867      1       
868    0.000001     434.50         868      1       
869    0.000001     435.00         869      1       
870    0.000001     435.50         870      1       
871    0.000001     436.00         871      1       
872    0.000001     436.50         872      1       
873    0.000001     437.00         873      1       
874    0.000001     437.50         874      1       
875    0.000001     438.00         875      1       
876    0.000001     438.50         876      1       
877    0.000001     439.00         877      1       
878    0.000001     439.50         878      1       
879    0.000001     440.00         879      1       
880    0.000001     440.50         880      1       
881    0.000001     441.00         881      1       
882    0.000001     441.50         882      1       
883    0.000001     442.00         883      1       
884    0.000001     442.50         884      1       
885    0.000001     443.00         885      1       
886    0.000001     443.50         886      1       
887    0.000001     444.00         887      1       
888    0.000001     444.50         888      1       
889    0.000001     445.00         889      1       
890    0.000001     445.50         890      1       
891    0.000001     446.00         891      1       
892    0.000001     446.50         892      1       
893    0.000001     447.00         893      1       
894    0.000001     447.50         894      1       
895    0.000001     448.00         895      1       
896    0.000001     448.50         896      1       
897    0.000001     449.00         897      1       
898    0.000001     449.50         898      1       
899    0.000001     450.00         899      1       
900    0.000001     450.50         900      1       
901    0.000001     451.00         901      1       
902    0.000001     451.50         902      1       
903    0.000001     452.00         903      1       
904    0.000001     452.50         904      1       
905    0.000001     453.00         905      1       
906    0.000001     453.50         906      1       
907    0.000001     454.00         907      1       
908    0.000001     454.50         908      1       
909    0.000001     455.00         909      1       
910    0.000001     455.50         910      1       
911    0.000001     456.00         911      1       
912    0.000001     456.50         912      1       
913    0.000001     457.00         913      1       
914    0.000001     457.50         914      1       
915    0.000001     458.00         915      1       
916    0.000001     458.50         916      1       
917    0.000001     459.00         917      1       
918    0.000001     459.50         918      1       
919    0.000001     460.00         919      1       
920    0.000001     460.50         920      1       
921    0.000001     461.00         921      1       
922    0.000001     461.50         922      1       
923    0.000001     462.00         923      1       
924    0.000001     462.50         924      1       
925    0.000001     463.00         925      1       
926    0.000001     463.50         926      1       
927    0.000001     464.00         927      1       
928    0.000001     464.50         928      1       
929    0.000001     465.00         929      1       
930    0.000001     465.50         930      1       
931    0.000001     466.00         931      1       
932    0.000001     466.50         932      1       
933    0.000001     467.00         933      1       
934    0.000001     467.50         934      1       
935    0.000001     468.00         935      1       
936    0.000001     468.50         936      1       
937    0.000001     469.00         937      1       
938    0.000001     469.50         938      1       
939    0.000001     470.00         939      1       
940    0.000001     470.50         940      1       
941    0.000001     471.00         941      1       
942    0.000001     471.50         942      1       
943    0.000001     472.00         943      1       
944    0.000001     472.50         944      1       
945    0.000001     473.00         945      1       
946    0.000001     473.50         946      1       
947    0.000001     474.00         947      1       
948    0.000001     474.50         948      1       
949    0.000001     475.00         949      1       
950    0.000001     475.50         950      1       
951    0.000001     476.00         951      1       
952    0.000001     476.50         952      1       
953    0.000001     477.00         953      1       
954    0.000001     477.50         954      1       
955    0.000001     478.00         955      1       
956    0.000001     478.50         956      1       
957    0.000001     479.00         957      1       
958    0.000001     479.50         958      1       
959    0.000001     480.00         959      1       
960    0.000001     480.50         960      1       
961    0.000001     481.00         961      1       
962    0.000001     481.50         962      1       
963    0.000001     482.00         963      1       
964    0.000001     482.50         964      1       
965    0.000001     483.00         965      1       
966    0.000001     483.50         966      1       
967    0.000001     484.00         967      1       
968    0.000001     484.50         968      1       
969    0.000001     485.00         969      1       
970    0.000001     485.50         970      1       
971    0.000001     486.00         971      1       
972    0.000001     486.50         972      1       
973    0.000001     487.00         973      1       
974    0.000001     487.50         974      1       
975    0.000001     488.00         975      1       
976    0.000001     488.50         976      1       
977    0.000001     489.00         977      1       
978    0.000001     489.50         978      1       
979    0.000001     490.00         979      1       
980    0.000001     490.50         980      1       
981    0.000001     491.00         981      1       
982    0.000001     491.50         982      1       
983    0.000001     492.00         983      1       
984    0.000001     492.50         984      1       
985    0.000001     493.00         985      1       
986    0.000001     493.50         986      1       
987    0.000001     494.00         987      1       
988    0.000001     494.50         988      1       
989    0.000001     495.00         989      1       
990    0.000001     495.50         990      1       
991    0.000001     496.00         991      1       
992    0.000001     496.50         992      1       
993    0.000001     497.00         993      1       
994    0.000001     497.50         994      1       
995    0.000001     498.00         995      1       
996    0.000001     498.50         996      1       
997    0.000001     499.00         997      1       
998    0.000001     499.50         998      1       
999    0.000001     500.00         999      1       
1000   0.000001     500.50         1000     1       
