N      Time         Average_OB     Max_OB   Min_OB  
1000   0.0000002445 500.50         1000     1       
1100   0.0000002088 550.50         1100     1       
1200   0.0000002048 600.50         1200     1       
1300   0.0000001901 650.50         1300     1       
1400   0.0000001892 700.50         1400     1       
1500   0.0000001993 750.50         1500     1       
1600   0.0000002118 800.50         1600     1       
1700   0.0000002251 850.50         1700     1       
1800   0.0000002375 900.50         1800     1       
1900   0.0000002485 950.50         1900     1       
2000   0.0000002600 1000.50        2000     1       
2100   0.0000002724 1050.50        2100     1       
2200   0.0000002861 1100.50        2200     1       
2300   0.0000002997 1150.50        2300     1       
2400   0.0000003176 1200.50        2400     1       
2500   0.0000003232 1250.50        2500     1       
2600   0.0000003353 1300.50        2600     1       
2700   0.0000003480 1350.50        2700     1       
2800   0.0000003598 1400.50        2800     1       
2900   0.0000003727 1450.50        2900     1       
3000   0.0000003865 1500.50        3000     1       
3100   0.0000003974 1550.50        3100     1       
3200   0.0000004095 1600.50        3200     1       
3300   0.0000004229 1650.50        3300     1       
3400   0.0000004347 1700.50        3400     1       
3500   0.0000004473 1750.50        3500     1       
3600   0.0000004594 1800.50        3600     1       
3700   0.0000004728 1850.50        3700     1       
3800   0.0000004847 1900.50        3800     1       
3900   0.0000004971 1950.50        3900     1       
4000   0.0000005099 2000.50        4000     1       
4100   0.0000005233 2050.50        4100     1       
4200   0.0000005339 2100.50        4200     1       
4300   0.0000005500 2150.50        4300     1       
4400   0.0000005663 2200.50        4400     1       
4500   0.0000005733 2250.50        4500     1       
4600   0.0000005852 2300.50        4600     1       
4700   0.0000005970 2350.50        4700     1       
4800   0.0000006122 2400.50        4800     1       
4900   0.0000006217 2450.50        4900     1       
5000   0.0000006379 2500.50        5000     1       
5100   0.0000006476 2550.50        5100     1       
5200   0.0000006597 2600.50        5200     1       
5300   0.0000006727 2650.50        5300     1       
5400   0.0000006841 2700.50        5400     1       
5500   0.0000006962 2750.50        5500     1       
5600   0.0000007096 2800.50        5600     1       
5700   0.0000007214 2850.50        5700     1       
5800   0.0000007338 2900.50        5800     1       
5900   0.0000007523 2950.50        5900     1       
6000   0.0000007599 3000.50        6000     1       
6100   0.0000007733 3050.50        6100     1       
6200   0.0000007933 3100.50        6200     1       
6300   0.0000007972 3150.50        6300     1       
6400   0.0000008086 3200.50        6400     1       
6500   0.0000008209 3250.50        6500     1       
6600   0.0000008339 3300.50        6600     1       
6700   0.0000008464 3350.50        6700     1       
6800   0.0000008619 3400.50        6800     1       
6900   0.0000008726 3450.50        6900     1       
7000   0.0000008863 3500.50        7000     1       
7100   0.0000008969 3550.50        7100     1       
7200   0.0000009102 3600.50        7200     1       
7300   0.0000009203 3650.50        7300     1       
7400   0.0000009329 3700.50        7400     1       
7500   0.0000009527 3750.50        7500     1       
7600   0.0000009583 3800.50        7600     1       
7700   0.0000009802 3850.50        7700     1       
7800   0.0000009830 3900.50        7800     1       
7900   0.0000009953 3950.50        7900     1       
8000   0.0000010123 4000.50        8000     1       
8100   0.0000010205 4050.50        8100     1       
8200   0.0000010340 4100.50        8200     1       
8300   0.0000010451 4150.50        8300     1       
8400   0.0000010683 4200.50        8400     1       
8500   0.0000010701 4250.50        8500     1       
8600   0.0000010838 4300.50        8600     1       
8700   0.0000011069 4350.50        8700     1       
8800   0.0000011197 4400.50        8800     1       
8900   0.0000011336 4450.50        8900     1       
9000   0.0000011421 4500.50        9000     1       
9100   0.0000011473 4550.50        9100     1       
9200   0.0000011585 4600.50        9200     1       
9300   0.0000011697 4650.50        9300     1       
9400   0.0000011847 4700.50        9400     1       
9500   0.0000011961 4750.50        9500     1       
9600   0.0000012156 4800.50        9600     1       
9700   0.0000012298 4850.50        9700     1       
9800   0.0000012354 4900.50        9800     1       
9900   0.0000012461 4950.50        9900     1       
10000  0.0000012585 5000.50        10000    1       
