

*******************************************************************************
Fri Oct 17 11:56:52 2025


FIT:    data read from 'insert_1000_1000.dat' using 1:3
        format = x:z
        #datapoints = 50
        residuals are weighted equally (unit weight)

function used for fitting: g(x)
	g(x)=c + d*x + e*x*x
fitted parameters initialized with current variable values

iter      chisq       delta/lim  lambda   c             d             e            
   0 5.5358624589e+12   0.00e+00  2.52e+05    1.000000e+00   1.000000e+00   1.000000e+00
   8 2.2474584253e+05  -1.20e-03  2.52e-03   -2.932780e+00  -1.892986e-01   2.403361e-01

After 8 iterations the fit converged.
final sum of squares of residuals : 224746
rel. change during last iteration : -1.19701e-08

degrees of freedom    (FIT_NDF)                        : 47
rms of residuals      (FIT_STDFIT) = sqrt(WSSR/ndf)    : 69.1508
variance of residuals (reduced chisquare) = WSSR/ndf   : 4781.83

Final set of parameters            Asymptotic Standard Error
=======================            ==========================
c               = -2.93278         +/- 28.32        (965.5%)
d               = -0.189299        +/- 0.1333       (70.44%)
e               = 0.240336         +/- 0.0001313    (0.05465%)

correlation matrix of the fit parameters:
                c      d      e      
c               1.000 
d              -0.857  1.000 
e               0.732 -0.967  1.000 
